<?xml version="1.0" encoding="UTF-8"?>
<!-- Generated by org.testng.reporters.JUnitReportReporter -->
<testsuite hostname="Mypc" name="Day16.Adminlogin" tests="1" failures="0" timestamp="24 Feb 2016 05:02:02 GMT" time="32.206" errors="1">
  <testcase name="Adminlogin" time="32.206" classname="Day16.Adminlogin">
    <error type="org.openqa.selenium.NoSuchElementException" message="Unable to locate element: {&quot;method&quot;:&quot;link text&quot;,&quot;selector&quot;:&quot;Logout&quot;}
Command duration or timeout: 1.01 seconds
For documentation on this error, please visit: http://seleniumhq.org/exceptions/no_such_element.html
Build info: version: &#039;2.52.0&#039;, revision: &#039;4c2593c&#039;, time: &#039;2016-02-11 19:06:42&#039;
System info: host: &#039;Mypc&#039;, ip: &#039;192.168.1.8&#039;, os.name: &#039;Windows 8.1&#039;, os.arch: &#039;amd64&#039;, os.version: &#039;6.3&#039;, java.version: &#039;1.7.0_79&#039;
*** Element info: {Using=link text, value=Logout}
Session ID: 780c8a62-3308-442f-821e-ea5554e6fd33
Driver info: org.openqa.selenium.firefox.FirefoxDriver
Capabilities [{platform=WINDOWS, acceptSslCerts=true, javascriptEnabled=true, cssSelectorsEnabled=true, databaseEnabled=true, browserName=firefox, handlesAlerts=true, nativeEvents=false, webStorageEnabled=true, rotatable=false, locationContextEnabled=true, applicationCacheEnabled=true, takesScreenshot=true, version=44.0.2}]">
      <![CDATA[org.openqa.selenium.NoSuchElementException: Unable to locate element: {"method":"link text","selector":"Logout"}
Command duration or timeout: 1.01 seconds
For documentation on this error, please visit: http://seleniumhq.org/exceptions/no_such_element.html
Build info: version: '2.52.0', revision: '4c2593c', time: '2016-02-11 19:06:42'
System info: host: 'Mypc', ip: '192.168.1.8', os.name: 'Windows 8.1', os.arch: 'amd64', os.version: '6.3', java.version: '1.7.0_79'
*** Element info: {Using=link text, value=Logout}
Session ID: 780c8a62-3308-442f-821e-ea5554e6fd33
Driver info: org.openqa.selenium.firefox.FirefoxDriver
Capabilities [{platform=WINDOWS, acceptSslCerts=true, javascriptEnabled=true, cssSelectorsEnabled=true, databaseEnabled=true, browserName=firefox, handlesAlerts=true, nativeEvents=false, webStorageEnabled=true, rotatable=false, locationContextEnabled=true, applicationCacheEnabled=true, takesScreenshot=true, version=44.0.2}]
	at sun.reflect.NativeConstructorAccessorImpl.newInstance0(Native Method)
	at sun.reflect.NativeConstructorAccessorImpl.newInstance(Unknown Source)
	at sun.reflect.DelegatingConstructorAccessorImpl.newInstance(Unknown Source)
	at java.lang.reflect.Constructor.newInstance(Unknown Source)
	at org.openqa.selenium.remote.ErrorHandler.createThrowable(ErrorHandler.java:206)
	at org.openqa.selenium.remote.ErrorHandler.throwIfResponseFailed(ErrorHandler.java:158)
	at org.openqa.selenium.remote.RemoteWebDriver.execute(RemoteWebDriver.java:678)
	at org.openqa.selenium.remote.RemoteWebDriver.findElement(RemoteWebDriver.java:363)
	at org.openqa.selenium.remote.RemoteWebDriver.findElementByLinkText(RemoteWebDriver.java:428)
	at org.openqa.selenium.By$ByLinkText.findElement(By.java:246)
	at org.openqa.selenium.remote.RemoteWebDriver.findElement(RemoteWebDriver.java:355)
	at Day15.orangehrmmaster.logout(orangehrmmaster.java:88)
	at Day16.Adminlogin.Adminlogin(Adminlogin.java:14)
	at sun.reflect.NativeMethodAccessorImpl.invoke0(Native Method)
	at sun.reflect.NativeMethodAccessorImpl.invoke(Unknown Source)
	at sun.reflect.DelegatingMethodAccessorImpl.invoke(Unknown Source)
	at java.lang.reflect.Method.invoke(Unknown Source)
	at org.testng.internal.MethodInvocationHelper.invokeMethod(MethodInvocationHelper.java:85)
	at org.testng.internal.Invoker.invokeMethod(Invoker.java:639)
	at org.testng.internal.Invoker.invokeTestMethod(Invoker.java:816)
	at org.testng.internal.Invoker.invokeTestMethods(Invoker.java:1124)
	at org.testng.internal.TestMethodWorker.invokeTestMethods(TestMethodWorker.java:125)
	at org.testng.internal.TestMethodWorker.run(TestMethodWorker.java:108)
	at org.testng.TestRunner.privateRun(TestRunner.java:774)
	at org.testng.TestRunner.run(TestRunner.java:624)
	at org.testng.SuiteRunner.runTest(SuiteRunner.java:359)
	at org.testng.SuiteRunner.runSequentially(SuiteRunner.java:354)
	at org.testng.SuiteRunner.privateRun(SuiteRunner.java:312)
	at org.testng.SuiteRunner.run(SuiteRunner.java:261)
	at org.testng.SuiteRunnerWorker.runSuite(SuiteRunnerWorker.java:52)
	at org.testng.SuiteRunnerWorker.run(SuiteRunnerWorker.java:86)
	at org.testng.TestNG.runSuitesSequentially(TestNG.java:1215)
	at org.testng.TestNG.runSuitesLocally(TestNG.java:1140)
	at org.testng.TestNG.run(TestNG.java:1048)
	at org.testng.remote.RemoteTestNG.run(RemoteTestNG.java:112)
	at org.testng.remote.RemoteTestNG.initAndRun(RemoteTestNG.java:205)
	at org.testng.remote.RemoteTestNG.main(RemoteTestNG.java:176)
Caused by: org.openqa.selenium.NoSuchElementException: Unable to locate element: {"method":"link text","selector":"Logout"}
For documentation on this error, please visit: http://seleniumhq.org/exceptions/no_such_element.html
Build info: version: '2.52.0', revision: '4c2593c', time: '2016-02-11 19:06:42'
System info: host: 'Mypc', ip: '192.168.1.8', os.name: 'Windows 8.1', os.arch: 'amd64', os.version: '6.3', java.version: '1.7.0_79'
Driver info: driver.version: unknown
	at <anonymous class>.FirefoxDriver.prototype.findElementInternal_(file:///C:/Users/Dell/AppData/Local/Temp/anonymous3725232227946661911webdriver-profile/extensions/fxdriver@googlecode.com/components/driver-component.js:10723)
	at <anonymous class>.FirefoxDriver.prototype.findElement(file:///C:/Users/Dell/AppData/Local/Temp/anonymous3725232227946661911webdriver-profile/extensions/fxdriver@googlecode.com/components/driver-component.js:10732)
	at <anonymous class>.DelayedCommand.prototype.executeInternal_/h(file:///C:/Users/Dell/AppData/Local/Temp/anonymous3725232227946661911webdriver-profile/extensions/fxdriver@googlecode.com/components/command-processor.js:12614)
	at <anonymous class>.DelayedCommand.prototype.executeInternal_(file:///C:/Users/Dell/AppData/Local/Temp/anonymous3725232227946661911webdriver-profile/extensions/fxdriver@googlecode.com/components/command-processor.js:12619)
	at <anonymous class>.DelayedCommand.prototype.execute/<(file:///C:/Users/Dell/AppData/Local/Temp/anonymous3725232227946661911webdriver-profile/extensions/fxdriver@googlecode.com/components/command-processor.js:12561)
	at <anonymous class>..send(http://opensource.demo.orangehrm.com/webres_5497e693e69130.68004398/js/jquery/jquery-1.7.2.min.js:4)
	at <anonymous class>..ajax(http://opensource.demo.orangehrm.com/webres_5497e693e69130.68004398/js/jquery/jquery-1.7.2.min.js:4)
	at <anonymous class>..domManip/<(http://opensource.demo.orangehrm.com/webres_5497e693e69130.68004398/js/jquery/jquery-1.7.2.min.js:4)
	at <anonymous class>.f</<.each(http://opensource.demo.orangehrm.com/webres_5497e693e69130.68004398/js/jquery/jquery-1.7.2.min.js:2)
	at <anonymous class>..domManip(http://opensource.demo.orangehrm.com/webres_5497e693e69130.68004398/js/jquery/jquery-1.7.2.min.js:4)
	at <anonymous class>..append(http://opensource.demo.orangehrm.com/webres_5497e693e69130.68004398/js/jquery/jquery-1.7.2.min.js:3)
	at <anonymous class>..html/<(http://opensource.demo.orangehrm.com/webres_5497e693e69130.68004398/js/jquery/jquery-1.7.2.min.js:4)
	at <anonymous class>.f</<.access(http://opensource.demo.orangehrm.com/webres_5497e693e69130.68004398/js/jquery/jquery-1.7.2.min.js:2)
	at <anonymous class>..html(http://opensource.demo.orangehrm.com/webres_5497e693e69130.68004398/js/jquery/jquery-1.7.2.min.js:4)
	at <anonymous class>..success(http://opensource.demo.orangehrm.com/index.php/dashboard:710)
	at <anonymous class>.f.Callbacks/o(http://opensource.demo.orangehrm.com/webres_5497e693e69130.68004398/js/jquery/jquery-1.7.2.min.js:2)
	at <anonymous class>.f.Callbacks/p.fireWith(http://opensource.demo.orangehrm.com/webres_5497e693e69130.68004398/js/jquery/jquery-1.7.2.min.js:2)
	at <anonymous class>.w(http://opensource.demo.orangehrm.com/webres_5497e693e69130.68004398/js/jquery/jquery-1.7.2.min.js:4)
	at <anonymous class>..send/d(http://opensource.demo.orangehrm.com/webres_5497e693e69130.68004398/js/jquery/jquery-1.7.2.min.js:4)
]]>
    </error>
  </testcase> <!-- Adminlogin -->
</testsuite> <!-- Day16.Adminlogin -->
